 info: Initializing project hook... (`api/hooks/custom/`)
 info: Initializing `apianalytics` hook...  (requests to monitored routes will be logged!)
 info: 
 info:                .-..-.
 info: 
 info:    Sails              <|    .-..-.
 info:    v1.2.2              |\
 info:                       /|.\
 info:                      / || \
 info:                    ,'  |'  \
 info:                 .-'.-==|/_--'
 info:                 `--'-------' 
 info:    __---___--___---___--___---___--___
 info:  ____---___--___---___--___---___--___-__
 info: 
 info: Server lifted in `/home/raj`
 info: To shut down Sails, press <CTRL> + C at any time.
 info: Read more at https://sailsjs.com/support.


 info: Initializing project hook... (`api/hooks/custom/`)
 info: Initializing `apianalytics` hook...  (requests to monitored routes will be logged!)
 info: 
 info:                .-..-.
 info: 
 info:    Sails              <|    .-..-.
 info:    v1.2.2              |\
 info:                       /|.\
 info:                      / || \
 info:                    ,'  |'  \
 info:                 .-'.-==|/_--'
 info:                 `--'-------' 
 info:    __---___--___---___--___---___--___
 info:  ____---___--___---___--___---___--___-__
 info: 
 info: Server lifted in `/home/raj`
 info: To shut down Sails, press <CTRL> + C at any time.
 info: Read more at https://sailsjs.com/support.


 info: Initializing project hook... (`api/hooks/custom/`)
 info: Initializing `apianalytics` hook...  (requests to monitored routes will be logged!)
 info: 
 info:                .-..-.
 info: 
 info:    Sails              <|    .-..-.
 info:    v1.2.2              |\
 info:                       /|.\
 info:                      / || \
 info:                    ,'  |'  \
 info:                 .-'.-==|/_--'
 info:                 `--'-------' 
 info:    __---___--___---___--___---___--___
 info:  ____---___--___---___--___---___--___-__
 info: 
 info: Server lifted in `/home/raj`
 info: To shut down Sails, press <CTRL> + C at any time.
 info: Read more at https://sailsjs.com/support.


 info: Initializing project hook... (`api/hooks/custom/`)
 info: Initializing `apianalytics` hook...  (requests to monitored routes will be logged!)
 info: 
 info:                .-..-.
 info: 
 info:    Sails              <|    .-..-.
 info:    v1.2.2              |\
 info:                       /|.\
 info:                      / || \
 info:                    ,'  |'  \
 info:                 .-'.-==|/_--'
 info:                 `--'-------' 
 info:    __---___--___---___--___---___--___
 info:  ____---___--___---___--___---___--___-__
 info: 
 info: Server lifted in `/home/raj`
 info: To shut down Sails, press <CTRL> + C at any time.
 info: Read more at https://sailsjs.com/support.


 info: Initializing project hook... (`api/hooks/custom/`)
 info: Initializing `apianalytics` hook...  (requests to monitored routes will be logged!)
 info: 
 info:                .-..-.
 info: 
 info:    Sails              <|    .-..-.
 info:    v1.2.2              |\
 info:                       /|.\
 info:                      / || \
 info:                    ,'  |'  \
 info:                 .-'.-==|/_--'
 info:                 `--'-------' 
 info:    __---___--___---___--___---___--___
 info:  ____---___--___---___--___---___--___-__
 info: 
 info: Server lifted in `/home/raj`
 info: To shut down Sails, press <CTRL> + C at any time.
 info: Read more at https://sailsjs.com/support.


 info: Initializing project hook... (`api/hooks/custom/`)
 info: Initializing `apianalytics` hook...  (requests to monitored routes will be logged!)
 info: 
 info:                .-..-.
 info: 
 info:    Sails              <|    .-..-.
 info:    v1.2.2              |\
 info:                       /|.\
 info:                      / || \
 info:                    ,'  |'  \
 info:                 .-'.-==|/_--'
 info:                 `--'-------' 
 info:    __---___--___---___--___---___--___
 info:  ____---___--___---___--___---___--___-__
 info: 
 info: Server lifted in `/home/raj`
 info: To shut down Sails, press <CTRL> + C at any time.
 info: Read more at https://sailsjs.com/support.


 info: Initializing project hook... (`api/hooks/custom/`)
 info: Initializing `apianalytics` hook...  (requests to monitored routes will be logged!)
 info: 
 info:                .-..-.
 info: 
 info:    Sails              <|    .-..-.
 info:    v1.2.2              |\
 info:                       /|.\
 info:                      / || \
 info:                    ,'  |'  \
 info:                 .-'.-==|/_--'
 info:                 `--'-------' 
 info:    __---___--___---___--___---___--___
 info:  ____---___--___---___--___---___--___-__
 info: 
 info: Server lifted in `/home/raj`
 info: To shut down Sails, press <CTRL> + C at any time.
 info: Read more at https://sailsjs.com/support.


 info: Initializing project hook... (`api/hooks/custom/`)
 info: Initializing `apianalytics` hook...  (requests to monitored routes will be logged!)
 info: 
 info:                .-..-.
 info: 
 info:    Sails              <|    .-..-.
 info:    v1.2.2              |\
 info:                       /|.\
 info:                      / || \
 info:                    ,'  |'  \
 info:                 .-'.-==|/_--'
 info:                 `--'-------' 
 info:    __---___--___---___--___---___--___
 info:  ____---___--___---___--___---___--___-__
 info: 
 info: Server lifted in `/home/raj`
 info: To shut down Sails, press <CTRL> + C at any time.
 info: Read more at https://sailsjs.com/support.


 info: Initializing project hook... (`api/hooks/custom/`)
 info: Initializing `apianalytics` hook...  (requests to monitored routes will be logged!)
 info: 
 info:                .-..-.
 info: 
 info:    Sails              <|    .-..-.
 info:    v1.2.2              |\
 info:                       /|.\
 info:                      / || \
 info:                    ,'  |'  \
 info:                 .-'.-==|/_--'
 info:                 `--'-------' 
 info:    __---___--___---___--___---___--___
 info:  ____---___--___---___--___---___--___-__
 info: 
 info: Server lifted in `/home/raj`
 info: To shut down Sails, press <CTRL> + C at any time.
 info: Read more at https://sailsjs.com/support.


 info: Initializing project hook... (`api/hooks/custom/`)
 info: Initializing `apianalytics` hook...  (requests to monitored routes will be logged!)
 info: 
 info:                .-..-.
 info: 
 info:    Sails              <|    .-..-.
 info:    v1.2.2              |\
 info:                       /|.\
 info:                      / || \
 info:                    ,'  |'  \
 info:                 .-'.-==|/_--'
 info:                 `--'-------' 
 info:    __---___--___---___--___---___--___
 info:  ____---___--___---___--___---___--___-__
 info: 
 info: Server lifted in `/home/raj`
 info: To shut down Sails, press <CTRL> + C at any time.
 info: Read more at https://sailsjs.com/support.


 info: Initializing project hook... (`api/hooks/custom/`)
 info: Initializing `apianalytics` hook...  (requests to monitored routes will be logged!)
 info: 
 info:                .-..-.
 info: 
 info:    Sails              <|    .-..-.
 info:    v1.2.2              |\
 info:                       /|.\
 info:                      / || \
 info:                    ,'  |'  \
 info:                 .-'.-==|/_--'
 info:                 `--'-------' 
 info:    __---___--___---___--___---___--___
 info:  ____---___--___---___--___---___--___-__
 info: 
 info: Server lifted in `/home/raj`
 info: To shut down Sails, press <CTRL> + C at any time.
 info: Read more at https://sailsjs.com/support.


 info: Initializing project hook... (`api/hooks/custom/`)
 info: Initializing `apianalytics` hook...  (requests to monitored routes will be logged!)
 info: 
 info:                .-..-.
 info: 
 info:    Sails              <|    .-..-.
 info:    v1.2.2              |\
 info:                       /|.\
 info:                      / || \
 info:                    ,'  |'  \
 info:                 .-'.-==|/_--'
 info:                 `--'-------' 
 info:    __---___--___---___--___---___--___
 info:  ____---___--___---___--___---___--___-__
 info: 
 info: Server lifted in `/home/raj`
 info: To shut down Sails, press <CTRL> + C at any time.
 info: Read more at https://sailsjs.com/support.





46 seconds later...

<- GET /                                      (18ms 200)
 |  Requesting user is a guest, so show the public landing page.
 |  view: pages/homepage
 ° 



2 minutes later...

<- GET /articles/list                         (5ms 302)
<- GET /login                                 (7ms 200)
 |  view: pages/entrance/login
 ° 
Match
123456789
hello
<- PUT /api/v1/entrance/login                 (104ms 200)
 |  The requesting user agent has been successfully logged in.
 |  
 |  Under the covers, this stores the id of the logged-in user in the session as the `userId` key.  The next time this user agent sends a request, assuming it includes a cookie (like a web browser), Sails will automatically make this user id available as req.session.userId in the corresponding action.  (Also note that, thanks to the included "custom" hook, when a relevant request is received from a logged-in user, that user's entire record from the database will be fetched and exposed as `req.me`.)
 |  
 ° 
 warn: The logged in user record has a `password` property, but it was still there after pruning off all properties that match `protect: true` attributes in the User model.  So, just to be safe, removing the `password` property anyway...
<- GET /                                      (2ms 302)
 |  redirect
 |  Requesting user is logged in, so redirect to the internal welcome page.
 ° 
 warn: The logged in user record has a `password` property, but it was still there after pruning off all properties that match `protect: true` attributes in the User model.  So, just to be safe, removing the `password` property anyway...
<- GET /welcome                               (4ms 200)
 |  Display the welcome page for authenticated users.
 |  view: pages/dashboard/welcome
 ° 
 warn: The logged in user record has a `password` property, but it was still there after pruning off all properties that match `protect: true` attributes in the User model.  So, just to be safe, removing the `password` property anyway...



About a minute later...

<- GET /welcome                               (5ms 200)
 |  Display the welcome page for authenticated users.
 |  view: pages/dashboard/welcome
 ° 
 warn: The logged in user record has a `password` property, but it was still there after pruning off all properties that match `protect: true` attributes in the User model.  So, just to be safe, removing the `password` property anyway...
<- GET /                                      (2ms 302)
 |  redirect
 |  Requesting user is logged in, so redirect to the internal welcome page.
 ° 
 warn: The logged in user record has a `password` property, but it was still there after pruning off all properties that match `protect: true` attributes in the User model.  So, just to be safe, removing the `password` property anyway...
<- GET /welcome                               (4ms 200)
 |  Display the welcome page for authenticated users.
 |  view: pages/dashboard/welcome
 ° 
 warn: The logged in user record has a `password` property, but it was still there after pruning off all properties that match `protect: true` attributes in the User model.  So, just to be safe, removing the `password` property anyway...
<- GET /articles/list                         (8ms 200)
 warn: The logged in user record has a `password` property, but it was still there after pruning off all properties that match `protect: true` attributes in the User model.  So, just to be safe, removing the `password` property anyway...
<- GET /welcome                               (4ms 200)
 |  Display the welcome page for authenticated users.
 |  view: pages/dashboard/welcome
 ° 
 warn: The logged in user record has a `password` property, but it was still there after pruning off all properties that match `protect: true` attributes in the User model.  So, just to be safe, removing the `password` property anyway...
<- GET /                                      (2ms 302)
 |  redirect
 |  Requesting user is logged in, so redirect to the internal welcome page.
 ° 
 warn: The logged in user record has a `password` property, but it was still there after pruning off all properties that match `protect: true` attributes in the User model.  So, just to be safe, removing the `password` property anyway...
<- GET /welcome                               (6ms 200)
 |  Display the welcome page for authenticated users.
 |  view: pages/dashboard/welcome
 ° 
 warn: The logged in user record has a `password` property, but it was still there after pruning off all properties that match `protect: true` attributes in the User model.  So, just to be safe, removing the `password` property anyway...
<- GET /articles/list                         (6ms 200)
 warn: The logged in user record has a `password` property, but it was still there after pruning off all properties that match `protect: true` attributes in the User model.  So, just to be safe, removing the `password` property anyway...
<- GET /welcome                               (6ms 200)
 |  Display the welcome page for authenticated users.
 |  view: pages/dashboard/welcome
 ° 
 warn: The logged in user record has a `password` property, but it was still there after pruning off all properties that match `protect: true` attributes in the User model.  So, just to be safe, removing the `password` property anyway...
 - GET /logout                                (2ms 302)
 warn: The logged in user record has a `password` property, but it was still there after pruning off all properties that match `protect: true` attributes in the User model.  So, just to be safe, removing the `password` property anyway...
<- GET /api/v1/account/logout                 (2ms 302)
 |  redirect
 |  The requesting user agent looks to be a web browser.
 |  
 |  After logging out from a web browser, the user is redirected away.
 |  
 ° 
<- GET /login                                 (4ms 200)
 |  view: pages/entrance/login
 ° 
Match
123456789
hello
<- PUT /api/v1/entrance/login                 (11ms 200)
 |  The requesting user agent has been successfully logged in.
 |  
 |  Under the covers, this stores the id of the logged-in user in the session as the `userId` key.  The next time this user agent sends a request, assuming it includes a cookie (like a web browser), Sails will automatically make this user id available as req.session.userId in the corresponding action.  (Also note that, thanks to the included "custom" hook, when a relevant request is received from a logged-in user, that user's entire record from the database will be fetched and exposed as `req.me`.)
 |  
 ° 
 warn: The logged in user record has a `password` property, but it was still there after pruning off all properties that match `protect: true` attributes in the User model.  So, just to be safe, removing the `password` property anyway...
<- GET /                                      (1ms 302)
 |  redirect
 |  Requesting user is logged in, so redirect to the internal welcome page.
 ° 
 warn: The logged in user record has a `password` property, but it was still there after pruning off all properties that match `protect: true` attributes in the User model.  So, just to be safe, removing the `password` property anyway...
<- GET /welcome                               (4ms 200)
 |  Display the welcome page for authenticated users.
 |  view: pages/dashboard/welcome
 ° 
 warn: The logged in user record has a `password` property, but it was still there after pruning off all properties that match `protect: true` attributes in the User model.  So, just to be safe, removing the `password` property anyway...
 - GET /logout                                (2ms 302)
 warn: The logged in user record has a `password` property, but it was still there after pruning off all properties that match `protect: true` attributes in the User model.  So, just to be safe, removing the `password` property anyway...
<- GET /api/v1/account/logout                 (1ms 302)
 |  redirect
 |  The requesting user agent looks to be a web browser.
 |  
 |  After logging out from a web browser, the user is redirected away.
 |  
 ° 
<- GET /login                                 (3ms 200)
 |  view: pages/entrance/login
 ° 
Match
123456789
hello
<- PUT /api/v1/entrance/login                 (8ms 200)
 |  The requesting user agent has been successfully logged in.
 |  
 |  Under the covers, this stores the id of the logged-in user in the session as the `userId` key.  The next time this user agent sends a request, assuming it includes a cookie (like a web browser), Sails will automatically make this user id available as req.session.userId in the corresponding action.  (Also note that, thanks to the included "custom" hook, when a relevant request is received from a logged-in user, that user's entire record from the database will be fetched and exposed as `req.me`.)
 |  
 ° 
 warn: The logged in user record has a `password` property, but it was still there after pruning off all properties that match `protect: true` attributes in the User model.  So, just to be safe, removing the `password` property anyway...
<- GET /                                      (1ms 302)
 |  redirect
 |  Requesting user is logged in, so redirect to the internal welcome page.
 ° 
 warn: The logged in user record has a `password` property, but it was still there after pruning off all properties that match `protect: true` attributes in the User model.  So, just to be safe, removing the `password` property anyway...
<- GET /welcome                               (4ms 200)
 |  Display the welcome page for authenticated users.
 |  view: pages/dashboard/welcome
 ° 
