
  Usage: ProcessContainerFork [command]


  Options:

    -v, --version  output the version number
    -h, --help     output usage information


  Commands:

    version                        
    lift|l [options]               
    new [options] [path_to_new_app]
    generate                       
    upgrade                        
    migrate                        
    console|c [options]            
    www                            
    debug                            (for Node v5 and below)
    inspect                          (for Node v6 and above)
    run                            
    test                           
    lint                           
    deploy                         
    debug-console|dc               
    help [command]                 

  Usage: ProcessContainerFork [command]


  Options:

    -v, --version  output the version number
    -h, --help     output usage information


  Commands:

    version                        
    lift|l [options]               
    new [options] [path_to_new_app]
    generate                       
    upgrade                        
    migrate                        
    console|c [options]            
    www                            
    debug                            (for Node v5 and below)
    inspect                          (for Node v6 and above)
    run                            
    test                           
    lint                           
    deploy                         
    debug-console|dc               
    help [command]                 

  Usage: ProcessContainerFork [command]


  Options:

    -v, --version  output the version number
    -h, --help     output usage information


  Commands:

    version                        
    lift|l [options]               
    new [options] [path_to_new_app]
    generate                       
    upgrade                        
    migrate                        
    console|c [options]            
    www                            
    debug                            (for Node v5 and below)
    inspect                          (for Node v6 and above)
    run                            
    test                           
    lint                           
    deploy                         
    debug-console|dc               
    help [command]                 

  Usage: ProcessContainerFork [command]


  Options:

    -v, --version  output the version number
    -h, --help     output usage information


  Commands:

    version                        
    lift|l [options]               
    new [options] [path_to_new_app]
    generate                       
    upgrade                        
    migrate                        
    console|c [options]            
    www                            
    debug                            (for Node v5 and below)
    inspect                          (for Node v6 and above)
    run                            
    test                           
    lint                           
    deploy                         
    debug-console|dc               
    help [command]                 

  Usage: ProcessContainerFork [command]


  Options:

    -v, --version  output the version number
    -h, --help     output usage information


  Commands:

    version                        
    lift|l [options]               
    new [options] [path_to_new_app]
    generate                       
    upgrade                        
    migrate                        
    console|c [options]            
    www                            
    debug                            (for Node v5 and below)
    inspect                          (for Node v6 and above)
    run                            
    test                           
    lint                           
    deploy                         
    debug-console|dc               
    help [command]                 

  Usage: ProcessContainerFork [command]


  Options:

    -v, --version  output the version number
    -h, --help     output usage information


  Commands:

    version                        
    lift|l [options]               
    new [options] [path_to_new_app]
    generate                       
    upgrade                        
    migrate                        
    console|c [options]            
    www                            
    debug                            (for Node v5 and below)
    inspect                          (for Node v6 and above)
    run                            
    test                           
    lint                           
    deploy                         
    debug-console|dc               
    help [command]                 

  Usage: ProcessContainerFork [command]


  Options:

    -v, --version  output the version number
    -h, --help     output usage information


  Commands:

    version                        
    lift|l [options]               
    new [options] [path_to_new_app]
    generate                       
    upgrade                        
    migrate                        
    console|c [options]            
    www                            
    debug                            (for Node v5 and below)
    inspect                          (for Node v6 and above)
    run                            
    test                           
    lint                           
    deploy                         
    debug-console|dc               
    help [command]                 

  Usage: ProcessContainerFork [command]


  Options:

    -v, --version  output the version number
    -h, --help     output usage information


  Commands:

    version                        
    lift|l [options]               
    new [options] [path_to_new_app]
    generate                       
    upgrade                        
    migrate                        
    console|c [options]            
    www                            
    debug                            (for Node v5 and below)
    inspect                          (for Node v6 and above)
    run                            
    test                           
    lint                           
    deploy                         
    debug-console|dc               
    help [command]                 

  Usage: ProcessContainerFork [command]


  Options:

    -v, --version  output the version number
    -h, --help     output usage information


  Commands:

    version                        
    lift|l [options]               
    new [options] [path_to_new_app]
    generate                       
    upgrade                        
    migrate                        
    console|c [options]            
    www                            
    debug                            (for Node v5 and below)
    inspect                          (for Node v6 and above)
    run                            
    test                           
    lint                           
    deploy                         
    debug-console|dc               
    help [command]                 

  Usage: ProcessContainerFork [command]


  Options:

    -v, --version  output the version number
    -h, --help     output usage information


  Commands:

    version                        
    lift|l [options]               
    new [options] [path_to_new_app]
    generate                       
    upgrade                        
    migrate                        
    console|c [options]            
    www                            
    debug                            (for Node v5 and below)
    inspect                          (for Node v6 and above)
    run                            
    test                           
    lint                           
    deploy                         
    debug-console|dc               
    help [command]                 

  Usage: ProcessContainerFork [command]


  Options:

    -v, --version  output the version number
    -h, --help     output usage information


  Commands:

    version                        
    lift|l [options]               
    new [options] [path_to_new_app]
    generate                       
    upgrade                        
    migrate                        
    console|c [options]            
    www                            
    debug                            (for Node v5 and below)
    inspect                          (for Node v6 and above)
    run                            
    test                           
    lint                           
    deploy                         
    debug-console|dc               
    help [command]                 

  Usage: ProcessContainerFork [command]


  Options:

    -v, --version  output the version number
    -h, --help     output usage information


  Commands:

    version                        
    lift|l [options]               
    new [options] [path_to_new_app]
    generate                       
    upgrade                        
    migrate                        
    console|c [options]            
    www                            
    debug                            (for Node v5 and below)
    inspect                          (for Node v6 and above)
    run                            
    test                           
    lint                           
    deploy                         
    debug-console|dc               
    help [command]                 

  Usage: ProcessContainerFork [command]


  Options:

    -v, --version  output the version number
    -h, --help     output usage information


  Commands:

    version                        
    lift|l [options]               
    new [options] [path_to_new_app]
    generate                       
    upgrade                        
    migrate                        
    console|c [options]            
    www                            
    debug                            (for Node v5 and below)
    inspect                          (for Node v6 and above)
    run                            
    test                           
    lint                           
    deploy                         
    debug-console|dc               
    help [command]                 

  Usage: ProcessContainerFork [command]


  Options:

    -v, --version  output the version number
    -h, --help     output usage information


  Commands:

    version                        
    lift|l [options]               
    new [options] [path_to_new_app]
    generate                       
    upgrade                        
    migrate                        
    console|c [options]            
    www                            
    debug                            (for Node v5 and below)
    inspect                          (for Node v6 and above)
    run                            
    test                           
    lint                           
    deploy                         
    debug-console|dc               
    help [command]                 

  Usage: ProcessContainerFork [command]


  Options:

    -v, --version  output the version number
    -h, --help     output usage information


  Commands:

    version                        
    lift|l [options]               
    new [options] [path_to_new_app]
    generate                       
    upgrade                        
    migrate                        
    console|c [options]            
    www                            
    debug                            (for Node v5 and below)
    inspect                          (for Node v6 and above)
    run                            
    test                           
    lint                           
    deploy                         
    debug-console|dc               
    help [command]                 

  Usage: ProcessContainerFork [command]


  Options:

    -v, --version  output the version number
    -h, --help     output usage information


  Commands:

    version                        
    lift|l [options]               
    new [options] [path_to_new_app]
    generate                       
    upgrade                        
    migrate                        
    console|c [options]            
    www                            
    debug                            (for Node v5 and below)
    inspect                          (for Node v6 and above)
    run                            
    test                           
    lint                           
    deploy                         
    debug-console|dc               
    help [command]                 
